2020-07-29 10:44:01,399 INFO o.a.j.u.JMeterUtils: Setting Locale to en_EN
2020-07-29 10:44:01,444 INFO o.a.j.JMeter: Loading user properties from: /Users/chrisfisher/Downloads/apache-jmeter-5.3/bin/user.properties
2020-07-29 10:44:01,445 INFO o.a.j.JMeter: Loading system properties from: /Users/chrisfisher/Downloads/apache-jmeter-5.3/bin/system.properties
2020-07-29 10:44:01,446 INFO o.a.j.JMeter: Copyright (c) 1998-2020 The Apache Software Foundation
2020-07-29 10:44:01,446 INFO o.a.j.JMeter: Version 5.3
2020-07-29 10:44:01,446 INFO o.a.j.JMeter: java.version=1.8.0_261
2020-07-29 10:44:01,447 INFO o.a.j.JMeter: java.vm.name=Java HotSpot(TM) 64-Bit Server VM
2020-07-29 10:44:01,447 INFO o.a.j.JMeter: os.name=Mac OS X
2020-07-29 10:44:01,447 INFO o.a.j.JMeter: os.arch=x86_64
2020-07-29 10:44:01,447 INFO o.a.j.JMeter: os.version=10.15.6
2020-07-29 10:44:01,447 INFO o.a.j.JMeter: file.encoding=UTF-8
2020-07-29 10:44:01,447 INFO o.a.j.JMeter: java.awt.headless=null
2020-07-29 10:44:01,447 INFO o.a.j.JMeter: Max memory     =1073741824
2020-07-29 10:44:01,447 INFO o.a.j.JMeter: Available Processors =8
2020-07-29 10:44:01,456 INFO o.a.j.JMeter: Default Locale=English (EN)
2020-07-29 10:44:01,456 INFO o.a.j.JMeter: JMeter  Locale=English (EN)
2020-07-29 10:44:01,456 INFO o.a.j.JMeter: JMeterHome=/Users/chrisfisher/Downloads/apache-jmeter-5.3
2020-07-29 10:44:01,456 INFO o.a.j.JMeter: user.dir  =/Users/chrisfisher/SS-Project
2020-07-29 10:44:01,456 INFO o.a.j.JMeter: PWD       =/Users/chrisfisher/SS-Project
2020-07-29 10:44:01,467 INFO o.a.j.JMeter: IP: 192.168.5.93 Name: yangyuhandeMBP FullName: yangyuhandembp
2020-07-29 10:44:01,853 INFO o.a.j.JMeter: Setting LAF to: com.github.weisj.darklaf.DarkLaf:com.github.weisj.darklaf.theme.DarculaTheme
2020-07-29 10:44:03,663 INFO o.a.j.JMeter: Loaded icon properties from org/apache/jmeter/images/icon.properties
2020-07-29 10:44:11,342 INFO o.a.j.s.FileServer: Default base='/Users/chrisfisher/SS-Project'
2020-07-29 10:44:11,346 INFO o.a.j.g.a.Load: Loading file: /Users/chrisfisher/Desktop/HTTP Request.jmx
2020-07-29 10:44:11,346 INFO o.a.j.s.FileServer: Set new base='/Users/chrisfisher/Desktop'
2020-07-29 10:44:11,509 INFO o.a.j.s.SaveService: Testplan (JMX) version: 2.2. Testlog (JTL) version: 2.2
2020-07-29 10:44:11,530 INFO o.a.j.s.SaveService: Using SaveService properties file encoding UTF-8
2020-07-29 10:44:11,531 INFO o.a.j.s.SaveService: Using SaveService properties version 5.0
2020-07-29 10:44:11,534 INFO o.a.j.s.SaveService: Loading file: /Users/chrisfisher/Desktop/HTTP Request.jmx
2020-07-29 10:44:11,557 INFO o.a.j.p.h.s.HTTPSamplerBase: Parser for text/html is org.apache.jmeter.protocol.http.parser.LagartoBasedHtmlParser
2020-07-29 10:44:11,557 INFO o.a.j.p.h.s.HTTPSamplerBase: Parser for application/xhtml+xml is org.apache.jmeter.protocol.http.parser.LagartoBasedHtmlParser
2020-07-29 10:44:11,557 INFO o.a.j.p.h.s.HTTPSamplerBase: Parser for application/xml is org.apache.jmeter.protocol.http.parser.LagartoBasedHtmlParser
2020-07-29 10:44:11,557 INFO o.a.j.p.h.s.HTTPSamplerBase: Parser for text/xml is org.apache.jmeter.protocol.http.parser.LagartoBasedHtmlParser
2020-07-29 10:44:11,557 INFO o.a.j.p.h.s.HTTPSamplerBase: Parser for text/vnd.wap.wml is org.apache.jmeter.protocol.http.parser.RegexpHTMLParser
2020-07-29 10:44:11,557 INFO o.a.j.p.h.s.HTTPSamplerBase: Parser for text/css is org.apache.jmeter.protocol.http.parser.CssParser
2020-07-29 10:44:11,703 INFO o.a.j.s.FileServer: Set new base='/Users/chrisfisher/Desktop'
2020-07-29 10:47:58,277 INFO o.a.j.e.StandardJMeterEngine: Running the test!
2020-07-29 10:47:58,282 INFO o.a.j.s.SampleEvent: List of sample_variables: []
2020-07-29 10:47:58,282 INFO o.a.j.s.SampleEvent: List of sample_variables: []
2020-07-29 10:47:58,283 INFO o.a.j.e.u.CompoundVariable: Note: Function class names must contain the string: '.functions.'
2020-07-29 10:47:58,283 INFO o.a.j.e.u.CompoundVariable: Note: Function class names must not contain the string: '.gui.'
2020-07-29 10:47:58,590 INFO o.a.j.g.u.JMeterMenuBar: setRunning(true, *local*)
2020-07-29 10:47:58,849 INFO o.a.j.e.StandardJMeterEngine: Starting ThreadGroup: 1 : Thread Group
2020-07-29 10:47:58,850 INFO o.a.j.e.StandardJMeterEngine: Starting 30 threads for group Thread Group.
2020-07-29 10:47:58,850 INFO o.a.j.e.StandardJMeterEngine: Thread will continue on error
2020-07-29 10:47:58,850 INFO o.a.j.t.ThreadGroup: Starting thread group... number=1 threads=30 ramp-up=1 delayedStart=false
2020-07-29 10:47:58,855 INFO o.a.j.t.JMeterThread: Thread started: Thread Group 1-1
2020-07-29 10:47:58,866 INFO o.a.j.t.ThreadGroup: Started thread group number 1
2020-07-29 10:47:58,866 INFO o.a.j.e.StandardJMeterEngine: All thread groups have been started
2020-07-29 10:47:58,875 INFO o.a.j.p.h.s.HTTPHCAbstractImpl: Local host = yangyuhandeMBP
2020-07-29 10:47:58,885 INFO o.a.j.p.h.s.HTTPHC4Impl: HTTP request retry count = 0
2020-07-29 10:47:58,886 INFO o.a.j.s.SampleResult: Note: Sample TimeStamps are START times
2020-07-29 10:47:58,886 INFO o.a.j.s.SampleResult: sampleresult.default.encoding is set to ISO-8859-1
2020-07-29 10:47:58,886 INFO o.a.j.s.SampleResult: sampleresult.useNanoTime=true
2020-07-29 10:47:58,887 INFO o.a.j.s.SampleResult: sampleresult.nanoThreadSleep=5000
2020-07-29 10:47:58,889 INFO o.a.j.t.JMeterThread: Thread started: Thread Group 1-2
2020-07-29 10:47:58,920 INFO o.a.j.t.JMeterThread: Thread started: Thread Group 1-3
2020-07-29 10:47:58,952 INFO o.a.j.t.JMeterThread: Thread started: Thread Group 1-4
2020-07-29 10:47:58,984 INFO o.a.j.t.JMeterThread: Thread started: Thread Group 1-5
2020-07-29 10:47:59,020 INFO o.a.j.t.JMeterThread: Thread started: Thread Group 1-6
2020-07-29 10:47:59,052 INFO o.a.j.t.JMeterThread: Thread started: Thread Group 1-7
2020-07-29 10:47:59,085 INFO o.a.j.t.JMeterThread: Thread started: Thread Group 1-8
2020-07-29 10:47:59,117 INFO o.a.j.t.JMeterThread: Thread started: Thread Group 1-9
2020-07-29 10:47:59,149 INFO o.a.j.t.JMeterThread: Thread started: Thread Group 1-10
2020-07-29 10:47:59,186 INFO o.a.j.t.JMeterThread: Thread started: Thread Group 1-11
2020-07-29 10:47:59,215 INFO o.a.j.t.JMeterThread: Thread started: Thread Group 1-12
2020-07-29 10:47:59,247 INFO o.a.j.t.JMeterThread: Thread started: Thread Group 1-13
2020-07-29 10:47:59,280 INFO o.a.j.t.JMeterThread: Thread started: Thread Group 1-14
2020-07-29 10:47:59,315 INFO o.a.j.t.JMeterThread: Thread started: Thread Group 1-15
2020-07-29 10:47:59,346 INFO o.a.j.t.JMeterThread: Thread started: Thread Group 1-16
2020-07-29 10:47:59,379 INFO o.a.j.t.JMeterThread: Thread started: Thread Group 1-17
2020-07-29 10:47:59,414 INFO o.a.j.t.JMeterThread: Thread started: Thread Group 1-18
2020-07-29 10:47:59,445 INFO o.a.j.t.JMeterThread: Thread started: Thread Group 1-19
2020-07-29 10:47:59,478 INFO o.a.j.t.JMeterThread: Thread started: Thread Group 1-20
2020-07-29 10:47:59,511 INFO o.a.j.t.JMeterThread: Thread started: Thread Group 1-21
2020-07-29 10:47:59,543 INFO o.a.j.t.JMeterThread: Thread started: Thread Group 1-22
2020-07-29 10:47:59,576 INFO o.a.j.t.JMeterThread: Thread started: Thread Group 1-23
2020-07-29 10:47:59,610 INFO o.a.j.t.JMeterThread: Thread started: Thread Group 1-24
2020-07-29 10:47:59,646 INFO o.a.j.t.JMeterThread: Thread started: Thread Group 1-25
2020-07-29 10:47:59,676 INFO o.a.j.t.JMeterThread: Thread started: Thread Group 1-26
2020-07-29 10:47:59,708 INFO o.a.j.t.JMeterThread: Thread started: Thread Group 1-27
2020-07-29 10:47:59,742 INFO o.a.j.t.JMeterThread: Thread started: Thread Group 1-28
2020-07-29 10:47:59,775 INFO o.a.j.t.JMeterThread: Thread started: Thread Group 1-29
2020-07-29 10:47:59,807 INFO o.a.j.t.JMeterThread: Thread started: Thread Group 1-30
2020-07-29 10:48:50,846 INFO o.a.j.t.JMeterThread: Thread is done: Thread Group 1-2
2020-07-29 10:48:50,848 INFO o.a.j.t.JMeterThread: Thread finished: Thread Group 1-2
2020-07-29 10:48:50,938 INFO o.a.j.t.JMeterThread: Thread is done: Thread Group 1-5
2020-07-29 10:48:50,938 INFO o.a.j.t.JMeterThread: Thread finished: Thread Group 1-5
2020-07-29 10:48:51,033 INFO o.a.j.t.JMeterThread: Thread is done: Thread Group 1-9
2020-07-29 10:48:51,033 INFO o.a.j.t.JMeterThread: Thread finished: Thread Group 1-9
2020-07-29 10:48:51,116 INFO o.a.j.t.JMeterThread: Thread is done: Thread Group 1-21
2020-07-29 10:48:51,116 INFO o.a.j.t.JMeterThread: Thread finished: Thread Group 1-21
2020-07-29 10:48:51,146 INFO o.a.j.t.JMeterThread: Thread is done: Thread Group 1-19
2020-07-29 10:48:51,146 INFO o.a.j.t.JMeterThread: Thread finished: Thread Group 1-19
2020-07-29 10:48:51,168 INFO o.a.j.t.JMeterThread: Thread is done: Thread Group 1-6
2020-07-29 10:48:51,168 INFO o.a.j.t.JMeterThread: Thread finished: Thread Group 1-6
2020-07-29 10:48:51,181 INFO o.a.j.t.JMeterThread: Thread is done: Thread Group 1-25
2020-07-29 10:48:51,181 INFO o.a.j.t.JMeterThread: Thread finished: Thread Group 1-25
2020-07-29 10:48:51,181 INFO o.a.j.t.JMeterThread: Thread is done: Thread Group 1-4
2020-07-29 10:48:51,182 INFO o.a.j.t.JMeterThread: Thread finished: Thread Group 1-4
2020-07-29 10:48:51,182 INFO o.a.j.t.JMeterThread: Thread is done: Thread Group 1-22
2020-07-29 10:48:51,182 INFO o.a.j.t.JMeterThread: Thread finished: Thread Group 1-22
2020-07-29 10:48:51,189 INFO o.a.j.t.JMeterThread: Thread is done: Thread Group 1-13
2020-07-29 10:48:51,189 INFO o.a.j.t.JMeterThread: Thread finished: Thread Group 1-13
2020-07-29 10:48:51,211 INFO o.a.j.t.JMeterThread: Thread is done: Thread Group 1-17
2020-07-29 10:48:51,211 INFO o.a.j.t.JMeterThread: Thread finished: Thread Group 1-17
2020-07-29 10:48:51,235 INFO o.a.j.t.JMeterThread: Thread is done: Thread Group 1-10
2020-07-29 10:48:51,236 INFO o.a.j.t.JMeterThread: Thread finished: Thread Group 1-10
2020-07-29 10:48:51,241 INFO o.a.j.t.JMeterThread: Thread is done: Thread Group 1-20
2020-07-29 10:48:51,241 INFO o.a.j.t.JMeterThread: Thread finished: Thread Group 1-20
2020-07-29 10:48:51,268 INFO o.a.j.t.JMeterThread: Thread is done: Thread Group 1-1
2020-07-29 10:48:51,268 INFO o.a.j.t.JMeterThread: Thread finished: Thread Group 1-1
2020-07-29 10:48:51,285 INFO o.a.j.t.JMeterThread: Thread is done: Thread Group 1-7
2020-07-29 10:48:51,285 INFO o.a.j.t.JMeterThread: Thread finished: Thread Group 1-7
2020-07-29 10:48:51,294 INFO o.a.j.t.JMeterThread: Thread is done: Thread Group 1-16
2020-07-29 10:48:51,294 INFO o.a.j.t.JMeterThread: Thread finished: Thread Group 1-16
2020-07-29 10:48:51,306 INFO o.a.j.t.JMeterThread: Thread is done: Thread Group 1-8
2020-07-29 10:48:51,306 INFO o.a.j.t.JMeterThread: Thread finished: Thread Group 1-8
2020-07-29 10:48:51,306 INFO o.a.j.t.JMeterThread: Thread is done: Thread Group 1-3
2020-07-29 10:48:51,314 INFO o.a.j.t.JMeterThread: Thread is done: Thread Group 1-23
2020-07-29 10:48:51,315 INFO o.a.j.t.JMeterThread: Thread finished: Thread Group 1-3
2020-07-29 10:48:51,315 INFO o.a.j.t.JMeterThread: Thread finished: Thread Group 1-23
2020-07-29 10:48:51,343 INFO o.a.j.t.JMeterThread: Thread is done: Thread Group 1-30
2020-07-29 10:48:51,344 INFO o.a.j.t.JMeterThread: Thread finished: Thread Group 1-30
2020-07-29 10:48:51,355 INFO o.a.j.t.JMeterThread: Thread is done: Thread Group 1-14
2020-07-29 10:48:51,355 INFO o.a.j.t.JMeterThread: Thread finished: Thread Group 1-14
2020-07-29 10:48:51,364 INFO o.a.j.t.JMeterThread: Thread is done: Thread Group 1-15
2020-07-29 10:48:51,364 INFO o.a.j.t.JMeterThread: Thread finished: Thread Group 1-15
2020-07-29 10:48:51,368 INFO o.a.j.t.JMeterThread: Thread is done: Thread Group 1-18
2020-07-29 10:48:51,368 INFO o.a.j.t.JMeterThread: Thread finished: Thread Group 1-18
2020-07-29 10:48:51,370 INFO o.a.j.t.JMeterThread: Thread is done: Thread Group 1-11
2020-07-29 10:48:51,370 INFO o.a.j.t.JMeterThread: Thread finished: Thread Group 1-11
2020-07-29 10:48:51,371 INFO o.a.j.t.JMeterThread: Thread is done: Thread Group 1-24
2020-07-29 10:48:51,371 INFO o.a.j.t.JMeterThread: Thread finished: Thread Group 1-24
2020-07-29 10:48:51,373 INFO o.a.j.t.JMeterThread: Thread is done: Thread Group 1-29
2020-07-29 10:48:51,373 INFO o.a.j.t.JMeterThread: Thread finished: Thread Group 1-29
2020-07-29 10:48:51,379 INFO o.a.j.t.JMeterThread: Thread is done: Thread Group 1-28
2020-07-29 10:48:51,379 INFO o.a.j.t.JMeterThread: Thread finished: Thread Group 1-28
2020-07-29 10:48:51,387 INFO o.a.j.t.JMeterThread: Thread is done: Thread Group 1-26
2020-07-29 10:48:51,387 INFO o.a.j.t.JMeterThread: Thread finished: Thread Group 1-26
2020-07-29 10:48:51,397 INFO o.a.j.t.JMeterThread: Thread is done: Thread Group 1-12
2020-07-29 10:48:51,397 INFO o.a.j.t.JMeterThread: Thread finished: Thread Group 1-12
2020-07-29 10:48:51,443 INFO o.a.j.t.JMeterThread: Thread is done: Thread Group 1-27
2020-07-29 10:48:51,443 INFO o.a.j.t.JMeterThread: Thread finished: Thread Group 1-27
2020-07-29 10:48:51,443 INFO o.a.j.e.StandardJMeterEngine: Notifying test listeners of end of test
2020-07-29 10:48:51,444 INFO o.a.j.g.u.JMeterMenuBar: setRunning(false, *local*)
